OpenSTA 2.0.17 GITDIR-NOT Copyright (c) 2019, Parallax Software, Inc.
License GPLv3: GNU GPL version 3 <http://gnu.org/licenses/gpl.html>

This is free software, and you are free to change and redistribute it
under certain conditions; type `show_copying' for details. 
This program comes with ABSOLUTELY NO WARRANTY; for details type `show_warranty'.
Startpoint: inst_i[0] (input port)
Endpoint: imm_o[12] (output port)
Path Group: **default**
Path Type: max

  Delay    Time   Description
---------------------------------------------------------
   0.00    0.00 ^ input external delay
   0.00    0.00 ^ inst_i[0] (in)
   0.05    0.05 ^ _069_/ZN (AND2_X1)
   0.03    0.08 v _070_/ZN (NAND2_X1)
   0.24    0.31 ^ _072_/ZN (NOR3_X1)
   0.06    0.37 v _091_/ZN (NOR2_X1)
   0.04    0.41 ^ _108_/ZN (OAI21_X1)
   0.00    0.41 ^ imm_o[12] (out)
           0.41   data arrival time

   5.00    5.00   max_delay
   0.00    5.00   output external delay
           5.00   data required time
---------------------------------------------------------
           5.00   data required time
          -0.41   data arrival time
---------------------------------------------------------
           4.59   slack (MET)


[?2004hOpenSTA> 