OpenSTA 2.0.17 GITDIR-NOT Copyright (c) 2019, Parallax Software, Inc.
License GPLv3: GNU GPL version 3 <http://gnu.org/licenses/gpl.html>

This is free software, and you are free to change and redistribute it
under certain conditions; type `show_copying' for details. 
This program comes with ABSOLUTELY NO WARRANTY; for details type `show_warranty'.
Startpoint: i_rs1_addr[0] (input port)
Endpoint: o_rs1_data[16] (output port)
Path Group: **default**
Path Type: max

  Delay    Time   Description
---------------------------------------------------------
   0.00    0.00 v input external delay
   0.00    0.00 v i_rs1_addr[0] (in)
   1.17    1.17 ^ _06013_/ZN (INV_X1)
   0.09    1.26 v _06699_/ZN (OAI211_X1)
   0.08    1.34 v _06700_/ZN (AND2_X1)
   0.06    1.39 ^ _06702_/ZN (AOI221_X1)
   0.02    1.41 v _06703_/ZN (NOR3_X1)
   0.06    1.47 ^ _06723_/ZN (AOI21_X1)
   0.04    1.51 ^ _05913_/Z (MUX2_X1)
   0.00    1.51 ^ o_rs1_data[16] (out)
           1.51   data arrival time

  10.00   10.00   max_delay
   0.00   10.00   output external delay
          10.00   data required time
---------------------------------------------------------
          10.00   data required time
          -1.51   data arrival time
---------------------------------------------------------
           8.49   slack (MET)


Startpoint: i_rs1_addr[0] (input port)
Endpoint: o_rs1_data[16] (output port)
Path Group: **default**
Path Type: max

  Delay    Time   Description
---------------------------------------------------------
   0.00    0.00 v input external delay
   0.00    0.00 v i_rs1_addr[0] (in)
   1.17    1.17 ^ _06013_/ZN (INV_X1)
   0.09    1.26 v _06699_/ZN (OAI211_X1)
   0.08    1.34 v _06700_/ZN (AND2_X1)
   0.06    1.39 ^ _06702_/ZN (AOI221_X1)
   0.02    1.41 v _06703_/ZN (NOR3_X1)
   0.06    1.47 ^ _06723_/ZN (AOI21_X1)
   0.04    1.51 ^ _05913_/Z (MUX2_X1)
   0.00    1.51 ^ o_rs1_data[16] (out)
           1.51   data arrival time

  10.00   10.00   max_delay
   0.00   10.00   output external delay
          10.00   data required time
---------------------------------------------------------
          10.00   data required time
          -1.51   data arrival time
---------------------------------------------------------
           8.49   slack (MET)


[?2004hOpenSTA> 