OpenSTA 2.0.17 GITDIR-NOT Copyright (c) 2019, Parallax Software, Inc.
License GPLv3: GNU GPL version 3 <http://gnu.org/licenses/gpl.html>

This is free software, and you are free to change and redistribute it
under certain conditions; type `show_copying' for details. 
This program comes with ABSOLUTELY NO WARRANTY; for details type `show_warranty'.
Startpoint: _1334841_ (rising edge-triggered flip-flop clocked by clk)
Endpoint: _1335064_ (recovery check against rising-edge clock clk)
Path Group: **async_default**
Path Type: max

  Delay    Time   Description
---------------------------------------------------------
   0.00    0.00   clock clk (rise edge)
   0.00    0.00   clock network delay (ideal)
   0.00    0.00 ^ _1334841_/CK (DFFR_X1)
   0.08    0.08 v _1334841_/Q (DFFR_X1)
   0.13    0.22 ^ _1334783_/ZN (NOR2_X1)
   0.00    0.22 ^ _1335064_/RN (DFFR_X1)
           0.22   data arrival time

  30.00   30.00   clock clk (rise edge)
   0.00   30.00   clock network delay (ideal)
   0.00   30.00   clock reconvergence pessimism
          30.00 ^ _1335064_/CK (DFFR_X1)
   0.03   30.03   library recovery time
          30.03   data required time
---------------------------------------------------------
          30.03   data required time
          -0.22   data arrival time
---------------------------------------------------------
          29.82   slack (MET)


Startpoint: _0678780_ (rising edge-triggered flip-flop clocked by clk)
Endpoint: _1268725_ (rising edge-triggered flip-flop clocked by clk)
Path Group: clk
Path Type: max

  Delay    Time   Description
---------------------------------------------------------
   0.00    0.00   clock clk (rise edge)
   0.00    0.00   clock network delay (ideal)
   0.00    0.00 ^ _0678780_/CK (DFF_X1)
   9.15    9.15 ^ _0678780_/Q (DFF_X1)
5164.17 5173.31 v _0755147_/ZN (NOR2_X1)
 752.55 5925.87 ^ _0904119_/ZN (NAND2_X1)
  24.52 5950.39 v _0905073_/ZN (NOR2_X1)
  29.44 5979.82 ^ _1123229_/ZN (NAND2_X1)
   2.94 5982.77 v _1154789_/ZN (NOR2_X1)
   1.05 5983.82 ^ _1199057_/ZN (OAI21_X1)
  -0.01 5983.81 v _1199058_/ZN (AOI21_X1)
   0.00 5983.81 v _1268725_/D (DFF_X1)
        5983.81   data arrival time

  30.00   30.00   clock clk (rise edge)
   0.00   30.00   clock network delay (ideal)
   0.00   30.00   clock reconvergence pessimism
          30.00 ^ _1268725_/CK (DFF_X1)
  -1.11   28.89   library setup time
          28.89   data required time
---------------------------------------------------------
          28.89   data required time
        -5983.81   data arrival time
---------------------------------------------------------
        -5954.92   slack (VIOLATED)


[?2004hOpenSTA> cd 