OpenSTA 2.0.17 GITDIR-NOT Copyright (c) 2019, Parallax Software, Inc.
License GPLv3: GNU GPL version 3 <http://gnu.org/licenses/gpl.html>

This is free software, and you are free to change and redistribute it
under certain conditions; type `show_copying' for details. 
This program comes with ABSOLUTELY NO WARRANTY; for details type `show_warranty'.
Startpoint: i_valu_opcode[2] (input port)
Endpoint: o_alu_result[31] (output port)
Path Group: **default**
Path Type: max

  Delay    Time   Description
---------------------------------------------------------
   0.00    0.00 v input external delay
   0.00    0.00 v i_valu_opcode[2] (in)
   2.29    2.29 ^ _2961_/ZN (NOR4_X1)
   0.02    2.31 v _4205_/Z (XOR2_X1)
   0.15    2.46 v _4208_/ZN (OR2_X1)
   0.05    2.51 ^ _4210_/ZN (AOI21_X1)
   0.03    2.54 v _4213_/ZN (OAI21_X1)
   0.05    2.58 ^ _4216_/ZN (AOI21_X1)
   0.03    2.61 v _4226_/ZN (OAI21_X1)
   0.04    2.66 ^ _4229_/ZN (AOI21_X1)
   0.03    2.69 v _4238_/ZN (OAI21_X1)
   0.04    2.72 ^ _4244_/ZN (XNOR2_X1)
   0.03    2.75 ^ _6248_/ZN (OR2_X1)
   0.03    2.78 v _6249_/ZN (OAI211_X1)
   0.12    2.90 ^ _6260_/ZN (AOI221_X1)
   0.03    2.93 ^ _6261_/ZN (OR2_X1)
   0.00    2.93 ^ o_alu_result[31] (out)
           2.93   data arrival time

  10.00   10.00   max_delay
   0.00   10.00   output external delay
          10.00   data required time
---------------------------------------------------------
          10.00   data required time
          -2.93   data arrival time
---------------------------------------------------------
           7.07   slack (MET)


Startpoint: i_valu_opcode[2] (input port)
Endpoint: o_alu_result[31] (output port)
Path Group: **default**
Path Type: max

  Delay    Time   Description
---------------------------------------------------------
   0.00    0.00 v input external delay
   0.00    0.00 v i_valu_opcode[2] (in)
   2.29    2.29 ^ _2961_/ZN (NOR4_X1)
   0.02    2.31 v _4205_/Z (XOR2_X1)
   0.15    2.46 v _4208_/ZN (OR2_X1)
   0.05    2.51 ^ _4210_/ZN (AOI21_X1)
   0.03    2.54 v _4213_/ZN (OAI21_X1)
   0.05    2.58 ^ _4216_/ZN (AOI21_X1)
   0.03    2.61 v _4226_/ZN (OAI21_X1)
   0.04    2.66 ^ _4229_/ZN (AOI21_X1)
   0.03    2.69 v _4238_/ZN (OAI21_X1)
   0.04    2.72 ^ _4244_/ZN (XNOR2_X1)
   0.03    2.75 ^ _6248_/ZN (OR2_X1)
   0.03    2.78 v _6249_/ZN (OAI211_X1)
   0.12    2.90 ^ _6260_/ZN (AOI221_X1)
   0.03    2.93 ^ _6261_/ZN (OR2_X1)
   0.00    2.93 ^ o_alu_result[31] (out)
           2.93   data arrival time

  10.00   10.00   max_delay
   0.00   10.00   output external delay
          10.00   data required time
---------------------------------------------------------
          10.00   data required time
          -2.93   data arrival time
---------------------------------------------------------
           7.07   slack (MET)


[?2004hOpenSTA> 