OpenSTA 2.0.17 GITDIR-NOT Copyright (c) 2019, Parallax Software, Inc.
License GPLv3: GNU GPL version 3 <http://gnu.org/licenses/gpl.html>

This is free software, and you are free to change and redistribute it
under certain conditions; type `show_copying' for details. 
This program comes with ABSOLUTELY NO WARRANTY; for details type `show_warranty'.
Startpoint: inst[2] (input port)
Endpoint: br_unsign (output port)
Path Group: **default**
Path Type: max

  Delay    Time   Description
---------------------------------------------------------
   0.00    0.00 v input external delay
   0.00    0.00 v inst[2] (in)
   0.05    0.05 v _45_/ZN (OR2_X1)
   0.15    0.20 ^ _61_/ZN (NOR4_X1)
   0.03    0.23 v _71_/ZN (NAND3_X1)
   0.06    0.28 v _74_/Z (MUX2_X1)
   0.00    0.28 v br_unsign (out)
           0.28   data arrival time

   5.00    5.00   max_delay
   0.00    5.00   output external delay
           5.00   data required time
---------------------------------------------------------
           5.00   data required time
          -0.28   data arrival time
---------------------------------------------------------
           4.72   slack (MET)


Startpoint: inst[2] (input port)
Endpoint: br_unsign (output port)
Path Group: **default**
Path Type: max

  Delay    Time   Description
---------------------------------------------------------
   0.00    0.00 v input external delay
   0.00    0.00 v inst[2] (in)
   0.05    0.05 v _45_/ZN (OR2_X1)
   0.15    0.20 ^ _61_/ZN (NOR4_X1)
   0.03    0.23 v _71_/ZN (NAND3_X1)
   0.06    0.28 v _74_/Z (MUX2_X1)
   0.00    0.28 v br_unsign (out)
           0.28   data arrival time

   5.00    5.00   max_delay
   0.00    5.00   output external delay
           5.00   data required time
---------------------------------------------------------
           5.00   data required time
          -0.28   data arrival time
---------------------------------------------------------
           4.72   slack (MET)


[?2004hOpenSTA> 