OpenSTA 2.0.17 GITDIR-NOT Copyright (c) 2019, Parallax Software, Inc.
License GPLv3: GNU GPL version 3 <http://gnu.org/licenses/gpl.html>

This is free software, and you are free to change and redistribute it
under certain conditions; type `show_copying' for details. 
This program comes with ABSOLUTELY NO WARRANTY; for details type `show_warranty'.
Startpoint: id_rs2_addr[0] (input port)
Endpoint: scalar_stall (output port)
Path Group: **default**
Path Type: max

  Delay    Time   Description
---------------------------------------------------------
   0.00    0.00 v input external delay
   0.00    0.00 v id_rs2_addr[0] (in)
   0.05    0.05 v _122_/Z (XOR2_X1)
   0.07    0.12 ^ _124_/ZN (AOI221_X1)
   0.03    0.15 v _126_/ZN (NAND3_X1)
   0.07    0.22 ^ _128_/ZN (AOI221_X1)
   0.00    0.22 ^ scalar_stall (out)
           0.22   data arrival time

  10.00   10.00   max_delay
   0.00   10.00   output external delay
          10.00   data required time
---------------------------------------------------------
          10.00   data required time
          -0.22   data arrival time
---------------------------------------------------------
           9.78   slack (MET)


Startpoint: id_rs2_addr[0] (input port)
Endpoint: scalar_stall (output port)
Path Group: **default**
Path Type: max

  Delay    Time   Description
---------------------------------------------------------
   0.00    0.00 v input external delay
   0.00    0.00 v id_rs2_addr[0] (in)
   0.05    0.05 v _122_/Z (XOR2_X1)
   0.07    0.12 ^ _124_/ZN (AOI221_X1)
   0.03    0.15 v _126_/ZN (NAND3_X1)
   0.07    0.22 ^ _128_/ZN (AOI221_X1)
   0.00    0.22 ^ scalar_stall (out)
           0.22   data arrival time

  10.00   10.00   max_delay
   0.00   10.00   output external delay
          10.00   data required time
---------------------------------------------------------
          10.00   data required time
          -0.22   data arrival time
---------------------------------------------------------
           9.78   slack (MET)


[?2004hOpenSTA> 