OpenSTA 2.0.17 GITDIR-NOT Copyright (c) 2019, Parallax Software, Inc.
License GPLv3: GNU GPL version 3 <http://gnu.org/licenses/gpl.html>

This is free software, and you are free to change and redistribute it
under certain conditions; type `show_copying' for details. 
This program comes with ABSOLUTELY NO WARRANTY; for details type `show_warranty'.
Startpoint: i_op_b[3] (input port)
Endpoint: o_mul_high[31] (output port)
Path Group: **default**
Path Type: max

  Delay    Time   Description
---------------------------------------------------------
   0.00    0.00 v input external delay
   0.00    0.00 v i_op_b[3] (in)
   0.12    0.12 v _08314_/ZN (OR4_X1)
   0.06    0.18 v _08315_/ZN (OR2_X1)
   0.07    0.25 ^ _08316_/ZN (NOR3_X1)
   0.02    0.27 v _08317_/ZN (NAND2_X1)
   0.06    0.33 v _08318_/ZN (OR2_X1)
   0.09    0.42 v _08319_/ZN (OR3_X1)
   0.07    0.49 ^ _08320_/ZN (NOR3_X1)
   0.02    0.52 v _08321_/ZN (NAND2_X1)
   0.06    0.58 v _08322_/ZN (OR2_X1)
   0.09    0.67 v _08323_/ZN (OR3_X1)
   0.07    0.74 ^ _08324_/ZN (NOR3_X1)
   0.02    0.76 v _08325_/ZN (NAND2_X1)
   0.06    0.82 v _08326_/ZN (OR2_X1)
   0.09    0.91 v _08327_/ZN (OR3_X1)
   0.07    0.98 ^ _08328_/ZN (NOR3_X1)
   0.02    1.01 v _08329_/ZN (NAND2_X1)
   0.06    1.07 v _08330_/ZN (OR2_X1)
   0.09    1.15 v _08331_/ZN (OR3_X1)
   0.06    1.21 v _08332_/ZN (OR2_X1)
   0.02    1.23 ^ _08333_/ZN (NAND2_X1)
   0.43    1.66 ^ _08334_/Z (XOR2_X1)
   0.01    1.67 v _09414_/ZN (NOR2_X1)
   0.07    1.74 v _09762_/ZN (OR2_X1)
   0.05    1.79 ^ _09764_/ZN (AOI21_X1)
   0.03    1.81 v _09767_/ZN (OAI21_X1)
   0.05    1.86 ^ _09509_/ZN (AOI21_X1)
   0.03    1.90 v _09638_/ZN (XNOR2_X1)
   0.06    1.95 v _09829_/Z (XOR2_X1)
   0.06    2.01 ^ _09956_/ZN (XNOR2_X1)
   0.06    2.07 ^ _13327_/Z (XOR2_X1)
   0.06    2.13 ^ _13454_/ZN (XNOR2_X1)
   0.06    2.19 ^ _16825_/Z (XOR2_X1)
   0.06    2.24 ^ _16952_/ZN (XNOR2_X1)
   0.06    2.30 ^ _17461_/Z (XOR2_X1)
   0.06    2.36 ^ _17588_/ZN (XNOR2_X1)
   0.06    2.42 ^ _17779_/Z (XOR2_X1)
   0.06    2.48 ^ _17906_/ZN (XNOR2_X1)
   0.06    2.53 ^ _18097_/Z (XOR2_X1)
   0.06    2.59 ^ _18224_/ZN (XNOR2_X1)
   0.06    2.65 ^ _18415_/Z (XOR2_X1)
   0.06    2.71 ^ _18542_/ZN (XNOR2_X1)
   0.06    2.77 ^ _18733_/Z (XOR2_X1)
   0.06    2.82 ^ _18860_/ZN (XNOR2_X1)
   0.06    2.88 ^ _19051_/Z (XOR2_X1)
   0.06    2.94 ^ _19178_/ZN (XNOR2_X1)
   0.06    3.00 ^ _10147_/Z (XOR2_X1)
   0.06    3.06 ^ _10274_/ZN (XNOR2_X1)
   0.06    3.11 ^ _10465_/Z (XOR2_X1)
   0.06    3.17 ^ _10592_/ZN (XNOR2_X1)
   0.06    3.23 ^ _10783_/Z (XOR2_X1)
   0.06    3.29 ^ _10910_/ZN (XNOR2_X1)
   0.06    3.35 ^ _11101_/Z (XOR2_X1)
   0.06    3.40 ^ _11228_/ZN (XNOR2_X1)
   0.06    3.46 ^ _11419_/Z (XOR2_X1)
   0.06    3.52 ^ _11546_/ZN (XNOR2_X1)
   0.06    3.58 ^ _11737_/Z (XOR2_X1)
   0.06    3.63 ^ _11864_/ZN (XNOR2_X1)
   0.06    3.69 ^ _12055_/Z (XOR2_X1)
   0.06    3.75 ^ _12182_/ZN (XNOR2_X1)
   0.06    3.81 ^ _12373_/Z (XOR2_X1)
   0.06    3.87 ^ _12500_/ZN (XNOR2_X1)
   0.06    3.93 ^ _12691_/Z (XOR2_X1)
   0.06    3.98 ^ _12818_/ZN (XNOR2_X1)
   0.06    4.04 ^ _13009_/Z (XOR2_X1)
   0.06    4.10 ^ _13136_/ZN (XNOR2_X1)
   0.06    4.16 ^ _13645_/Z (XOR2_X1)
   0.06    4.21 ^ _13772_/ZN (XNOR2_X1)
   0.06    4.27 ^ _13963_/Z (XOR2_X1)
   0.06    4.33 ^ _14090_/ZN (XNOR2_X1)
   0.06    4.39 ^ _14281_/Z (XOR2_X1)
   0.06    4.45 ^ _14408_/ZN (XNOR2_X1)
   0.06    4.51 ^ _14599_/Z (XOR2_X1)
   0.06    4.56 ^ _14726_/ZN (XNOR2_X1)
   0.06    4.62 ^ _14917_/Z (XOR2_X1)
   0.06    4.68 ^ _15044_/ZN (XNOR2_X1)
   0.06    4.74 ^ _15235_/Z (XOR2_X1)
   0.06    4.79 ^ _15362_/ZN (XNOR2_X1)
   0.06    4.85 ^ _15553_/Z (XOR2_X1)
   0.06    4.91 ^ _15680_/ZN (XNOR2_X1)
   0.06    4.97 ^ _15871_/Z (XOR2_X1)
   0.06    5.03 ^ _15998_/ZN (XNOR2_X1)
   0.06    5.09 ^ _16189_/Z (XOR2_X1)
   0.06    5.14 ^ _16316_/ZN (XNOR2_X1)
   0.06    5.20 ^ _16507_/Z (XOR2_X1)
   0.06    5.26 ^ _16634_/ZN (XNOR2_X1)
   0.06    5.32 ^ _17143_/Z (XOR2_X1)
   0.03    5.35 v _17270_/ZN (XNOR2_X1)
   0.12    5.47 v _08158_/ZN (OR4_X1)
   0.13    5.60 v _08159_/ZN (OR4_X1)
   0.13    5.73 v _08160_/ZN (OR4_X1)
   0.13    5.86 v _08161_/ZN (OR4_X1)
   0.13    5.99 v _08162_/ZN (OR4_X1)
   0.13    6.12 v _08163_/ZN (OR4_X1)
   0.11    6.23 ^ _08164_/ZN (NOR4_X1)
   0.05    6.28 v _08165_/ZN (NAND4_X1)
   0.13    6.41 v _08166_/ZN (OR4_X1)
   0.13    6.54 ^ _08167_/ZN (NOR4_X1)
   0.04    6.58 v _09446_/ZN (OAI211_X1)
   0.07    6.65 v _09447_/Z (XOR2_X1)
   0.00    6.65 v o_mul_high[31] (out)
           6.65   data arrival time

  10.00   10.00   max_delay
   0.00   10.00   output external delay
          10.00   data required time
---------------------------------------------------------
          10.00   data required time
          -6.65   data arrival time
---------------------------------------------------------
           3.35   slack (MET)


Startpoint: i_op_b[3] (input port)
Endpoint: o_mul_high[31] (output port)
Path Group: **default**
Path Type: max

  Delay    Time   Description
---------------------------------------------------------
   0.00    0.00 v input external delay
   0.00    0.00 v i_op_b[3] (in)
   0.12    0.12 v _08314_/ZN (OR4_X1)
   0.06    0.18 v _08315_/ZN (OR2_X1)
   0.07    0.25 ^ _08316_/ZN (NOR3_X1)
   0.02    0.27 v _08317_/ZN (NAND2_X1)
   0.06    0.33 v _08318_/ZN (OR2_X1)
   0.09    0.42 v _08319_/ZN (OR3_X1)
   0.07    0.49 ^ _08320_/ZN (NOR3_X1)
   0.02    0.52 v _08321_/ZN (NAND2_X1)
   0.06    0.58 v _08322_/ZN (OR2_X1)
   0.09    0.67 v _08323_/ZN (OR3_X1)
   0.07    0.74 ^ _08324_/ZN (NOR3_X1)
   0.02    0.76 v _08325_/ZN (NAND2_X1)
   0.06    0.82 v _08326_/ZN (OR2_X1)
   0.09    0.91 v _08327_/ZN (OR3_X1)
   0.07    0.98 ^ _08328_/ZN (NOR3_X1)
   0.02    1.01 v _08329_/ZN (NAND2_X1)
   0.06    1.07 v _08330_/ZN (OR2_X1)
   0.09    1.15 v _08331_/ZN (OR3_X1)
   0.06    1.21 v _08332_/ZN (OR2_X1)
   0.02    1.23 ^ _08333_/ZN (NAND2_X1)
   0.43    1.66 ^ _08334_/Z (XOR2_X1)
   0.01    1.67 v _09414_/ZN (NOR2_X1)
   0.07    1.74 v _09762_/ZN (OR2_X1)
   0.05    1.79 ^ _09764_/ZN (AOI21_X1)
   0.03    1.81 v _09767_/ZN (OAI21_X1)
   0.05    1.86 ^ _09509_/ZN (AOI21_X1)
   0.03    1.90 v _09638_/ZN (XNOR2_X1)
   0.06    1.95 v _09829_/Z (XOR2_X1)
   0.06    2.01 ^ _09956_/ZN (XNOR2_X1)
   0.06    2.07 ^ _13327_/Z (XOR2_X1)
   0.06    2.13 ^ _13454_/ZN (XNOR2_X1)
   0.06    2.19 ^ _16825_/Z (XOR2_X1)
   0.06    2.24 ^ _16952_/ZN (XNOR2_X1)
   0.06    2.30 ^ _17461_/Z (XOR2_X1)
   0.06    2.36 ^ _17588_/ZN (XNOR2_X1)
   0.06    2.42 ^ _17779_/Z (XOR2_X1)
   0.06    2.48 ^ _17906_/ZN (XNOR2_X1)
   0.06    2.53 ^ _18097_/Z (XOR2_X1)
   0.06    2.59 ^ _18224_/ZN (XNOR2_X1)
   0.06    2.65 ^ _18415_/Z (XOR2_X1)
   0.06    2.71 ^ _18542_/ZN (XNOR2_X1)
   0.06    2.77 ^ _18733_/Z (XOR2_X1)
   0.06    2.82 ^ _18860_/ZN (XNOR2_X1)
   0.06    2.88 ^ _19051_/Z (XOR2_X1)
   0.06    2.94 ^ _19178_/ZN (XNOR2_X1)
   0.06    3.00 ^ _10147_/Z (XOR2_X1)
   0.06    3.06 ^ _10274_/ZN (XNOR2_X1)
   0.06    3.11 ^ _10465_/Z (XOR2_X1)
   0.06    3.17 ^ _10592_/ZN (XNOR2_X1)
   0.06    3.23 ^ _10783_/Z (XOR2_X1)
   0.06    3.29 ^ _10910_/ZN (XNOR2_X1)
   0.06    3.35 ^ _11101_/Z (XOR2_X1)
   0.06    3.40 ^ _11228_/ZN (XNOR2_X1)
   0.06    3.46 ^ _11419_/Z (XOR2_X1)
   0.06    3.52 ^ _11546_/ZN (XNOR2_X1)
   0.06    3.58 ^ _11737_/Z (XOR2_X1)
   0.06    3.63 ^ _11864_/ZN (XNOR2_X1)
   0.06    3.69 ^ _12055_/Z (XOR2_X1)
   0.06    3.75 ^ _12182_/ZN (XNOR2_X1)
   0.06    3.81 ^ _12373_/Z (XOR2_X1)
   0.06    3.87 ^ _12500_/ZN (XNOR2_X1)
   0.06    3.93 ^ _12691_/Z (XOR2_X1)
   0.06    3.98 ^ _12818_/ZN (XNOR2_X1)
   0.06    4.04 ^ _13009_/Z (XOR2_X1)
   0.06    4.10 ^ _13136_/ZN (XNOR2_X1)
   0.06    4.16 ^ _13645_/Z (XOR2_X1)
   0.06    4.21 ^ _13772_/ZN (XNOR2_X1)
   0.06    4.27 ^ _13963_/Z (XOR2_X1)
   0.06    4.33 ^ _14090_/ZN (XNOR2_X1)
   0.06    4.39 ^ _14281_/Z (XOR2_X1)
   0.06    4.45 ^ _14408_/ZN (XNOR2_X1)
   0.06    4.51 ^ _14599_/Z (XOR2_X1)
   0.06    4.56 ^ _14726_/ZN (XNOR2_X1)
   0.06    4.62 ^ _14917_/Z (XOR2_X1)
   0.06    4.68 ^ _15044_/ZN (XNOR2_X1)
   0.06    4.74 ^ _15235_/Z (XOR2_X1)
   0.06    4.79 ^ _15362_/ZN (XNOR2_X1)
   0.06    4.85 ^ _15553_/Z (XOR2_X1)
   0.06    4.91 ^ _15680_/ZN (XNOR2_X1)
   0.06    4.97 ^ _15871_/Z (XOR2_X1)
   0.06    5.03 ^ _15998_/ZN (XNOR2_X1)
   0.06    5.09 ^ _16189_/Z (XOR2_X1)
   0.06    5.14 ^ _16316_/ZN (XNOR2_X1)
   0.06    5.20 ^ _16507_/Z (XOR2_X1)
   0.06    5.26 ^ _16634_/ZN (XNOR2_X1)
   0.06    5.32 ^ _17143_/Z (XOR2_X1)
   0.03    5.35 v _17270_/ZN (XNOR2_X1)
   0.12    5.47 v _08158_/ZN (OR4_X1)
   0.13    5.60 v _08159_/ZN (OR4_X1)
   0.13    5.73 v _08160_/ZN (OR4_X1)
   0.13    5.86 v _08161_/ZN (OR4_X1)
   0.13    5.99 v _08162_/ZN (OR4_X1)
   0.13    6.12 v _08163_/ZN (OR4_X1)
   0.11    6.23 ^ _08164_/ZN (NOR4_X1)
   0.05    6.28 v _08165_/ZN (NAND4_X1)
   0.13    6.41 v _08166_/ZN (OR4_X1)
   0.13    6.54 ^ _08167_/ZN (NOR4_X1)
   0.04    6.58 v _09446_/ZN (OAI211_X1)
   0.07    6.65 v _09447_/Z (XOR2_X1)
   0.00    6.65 v o_mul_high[31] (out)
           6.65   data arrival time

  10.00   10.00   max_delay
   0.00   10.00   output external delay
          10.00   data required time
---------------------------------------------------------
          10.00   data required time
          -6.65   data arrival time
---------------------------------------------------------
           3.35   slack (MET)


[?2004hOpenSTA> 