OpenSTA 2.0.17 GITDIR-NOT Copyright (c) 2019, Parallax Software, Inc.
License GPLv3: GNU GPL version 3 <http://gnu.org/licenses/gpl.html>

This is free software, and you are free to change and redistribute it
under certain conditions; type `show_copying' for details. 
This program comes with ABSOLUTELY NO WARRANTY; for details type `show_warranty'.
Startpoint: inst[3] (input port)
Endpoint: valu_unsign (output port)
Path Group: **default**
Path Type: max

  Delay    Time   Description
---------------------------------------------------------
   0.00    0.00 v input external delay
   0.00    0.00 v inst[3] (in)
   0.01    0.01 ^ _077_/ZN (INV_X1)
   0.08    0.09 ^ _085_/ZN (AND4_X1)
   0.06    0.15 v _092_/ZN (NAND3_X1)
   0.05    0.20 ^ _130_/ZN (NOR2_X1)
   0.03    0.23 v _152_/ZN (NAND4_X1)
   0.02    0.25 ^ _159_/ZN (NAND4_X1)
   0.00    0.25 ^ valu_unsign (out)
           0.25   data arrival time

  10.00   10.00   max_delay
   0.00   10.00   output external delay
          10.00   data required time
---------------------------------------------------------
          10.00   data required time
          -0.25   data arrival time
---------------------------------------------------------
           9.75   slack (MET)


Startpoint: inst[3] (input port)
Endpoint: valu_unsign (output port)
Path Group: **default**
Path Type: max

  Delay    Time   Description
---------------------------------------------------------
   0.00    0.00 v input external delay
   0.00    0.00 v inst[3] (in)
   0.01    0.01 ^ _077_/ZN (INV_X1)
   0.08    0.09 ^ _085_/ZN (AND4_X1)
   0.06    0.15 v _092_/ZN (NAND3_X1)
   0.05    0.20 ^ _130_/ZN (NOR2_X1)
   0.03    0.23 v _152_/ZN (NAND4_X1)
   0.02    0.25 ^ _159_/ZN (NAND4_X1)
   0.00    0.25 ^ valu_unsign (out)
           0.25   data arrival time

  10.00   10.00   max_delay
   0.00   10.00   output external delay
          10.00   data required time
---------------------------------------------------------
          10.00   data required time
          -0.25   data arrival time
---------------------------------------------------------
           9.75   slack (MET)


[?2004hOpenSTA> 