
 /----------------------------------------------------------------------------\
 |  yosys -- Yosys Open SYnthesis Suite                                       |
 |  Copyright (C) 2012 - 2026  Claire Xenia Wolf <claire@yosyshq.com>         |
 |  Distributed under an ISC-like license, type "license" to see terms        |
 \----------------------------------------------------------------------------/
 Yosys 0.65+57 (git sha1 9d0cdb855, clang++ 14.0.0-1ubuntu1.1 -fPIC -O3)
[TCL: yosys -import] Command name collision: found pre-existing command `cd' -> skip.
[TCL: yosys -import] Command name collision: found pre-existing command `eval' -> skip.
[TCL: yosys -import] Command name collision: found pre-existing command `exec' -> skip.
[TCL: yosys -import] Command name collision: found pre-existing command `read' -> skip.
[TCL: yosys -import] Command name collision: found pre-existing command `trace' -> skip.

1. Executing Verilog-2005 frontend: ./../00_src/package_param.sv
Parsing SystemVerilog input from `./../00_src/package_param.sv' to AST representation.
Successfully finished Verilog frontend.

2. Executing Verilog-2005 frontend: ./../00_src/uart_src/uart_rx.sv
Parsing SystemVerilog input from `./../00_src/uart_src/uart_rx.sv' to AST representation.
Generating RTLIL representation for module `\uart_rx'.
Successfully finished Verilog frontend.

3. Executing Verilog-2005 frontend: ./../00_src/uart_src/fifo.sv
Parsing SystemVerilog input from `./../00_src/uart_src/fifo.sv' to AST representation.
Generating RTLIL representation for module `\fifo'.
Warning: Replacing memory \mem with list of registers. See ./../00_src/uart_src/fifo.sv:56
Successfully finished Verilog frontend.

4. Executing Verilog-2005 frontend: ./../00_src/uart_src/baudrate_counter.sv
Parsing SystemVerilog input from `./../00_src/uart_src/baudrate_counter.sv' to AST representation.
Generating RTLIL representation for module `\baudrate_counter'.
Successfully finished Verilog frontend.

5. Executing Verilog-2005 frontend: ./../00_src/uart_src/uart_tx.sv
Parsing SystemVerilog input from `./../00_src/uart_src/uart_tx.sv' to AST representation.
Generating RTLIL representation for module `\uart_tx'.
Successfully finished Verilog frontend.

6. Executing Verilog-2005 frontend: ./../00_src/uart_src/rx_sync.sv
Parsing SystemVerilog input from `./../00_src/uart_src/rx_sync.sv' to AST representation.
Generating RTLIL representation for module `\rx_sync'.
Successfully finished Verilog frontend.

7. Executing Verilog-2005 frontend: ./../00_src/uart_src/uart_ip.sv
Parsing SystemVerilog input from `./../00_src/uart_src/uart_ip.sv' to AST representation.
Generating RTLIL representation for module `\uart_ip'.
Warning: reg '\divisor' is assigned in a continuous assignment at ./../00_src/uart_src/uart_ip.sv:142.10-142.69.
Warning: reg '\o_rxrdy' is assigned in a continuous assignment at ./../00_src/uart_src/uart_ip.sv:144.10-144.35.
Warning: reg '\no_rxrdy' is assigned in a continuous assignment at ./../00_src/uart_src/uart_ip.sv:145.10-145.35.
Warning: reg '\o_txrdy' is assigned in a continuous assignment at ./../00_src/uart_src/uart_ip.sv:146.10-146.34.
Warning: reg '\no_txrdy' is assigned in a continuous assignment at ./../00_src/uart_src/uart_ip.sv:147.10-147.34.
Successfully finished Verilog frontend.

8. Executing Verilog-2005 frontend: ./../00_src/core_src/hazard_detect.sv
Parsing SystemVerilog input from `./../00_src/core_src/hazard_detect.sv' to AST representation.
Generating RTLIL representation for module `\hazard_detect'.
Successfully finished Verilog frontend.

9. Executing Verilog-2005 frontend: ./../00_src/core_src/full_adder_32bit.sv
Parsing SystemVerilog input from `./../00_src/core_src/full_adder_32bit.sv' to AST representation.
Generating RTLIL representation for module `\full_adder_32bit'.
Successfully finished Verilog frontend.

10. Executing HIERARCHY pass (managing design hierarchy).

10.1. Analyzing design hierarchy..
Top module:  \hazard_detect

10.2. Analyzing design hierarchy..
Top module:  \hazard_detect
Removing unused module `\full_adder_32bit'.
Removing unused module `\uart_ip'.
Removing unused module `\rx_sync'.
Removing unused module `\uart_tx'.
Removing unused module `\baudrate_counter'.
Removing unused module `\fifo'.
Removing unused module `\uart_rx'.
Removed 7 unused modules.

11. Executing PROC pass (convert processes to netlists).

11.1. Executing PROC_CLEAN pass (remove empty switches from decision trees).
Cleaned up 0 empty switches.

11.2. Executing PROC_RMDEAD pass (remove dead branches from decision trees).
Marked 1 switch rules as full_case in process $proc$./../00_src/core_src/hazard_detect.sv:90$168 in module hazard_detect.
Marked 4 switch rules as full_case in process $proc$./../00_src/core_src/hazard_detect.sv:72$151 in module hazard_detect.
Marked 1 switch rules as full_case in process $proc$./../00_src/core_src/hazard_detect.sv:60$144 in module hazard_detect.
Marked 4 switch rules as full_case in process $proc$./../00_src/core_src/hazard_detect.sv:42$127 in module hazard_detect.
Removed a total of 0 dead cases.

11.3. Executing PROC_PRUNE pass (remove redundant assignments in processes).
Removed 0 redundant assignments.
Promoted 6 assignments to connections.

11.4. Executing PROC_INIT pass (extract init attributes).

11.5. Executing PROC_ARST pass (detect async resets in processes).

11.6. Executing PROC_ROM pass (convert switches to ROMs).
Converted 0 switches.
<suppressed ~10 debug messages>

11.7. Executing PROC_MUX pass (convert decision trees to multiplexers).
Creating decoders for process `\hazard_detect.$proc$./../00_src/core_src/hazard_detect.sv:90$168'.
     1/1: $1\vector_stall[0:0]
Creating decoders for process `\hazard_detect.$proc$./../00_src/core_src/hazard_detect.sv:72$151'.
     1/4: $2\vrs2_forwarding_sel[1:0]
     2/4: $1\vrs2_forwarding_sel[1:0]
     3/4: $2\vrs1_forwarding_sel[1:0]
     4/4: $1\vrs1_forwarding_sel[1:0]
Creating decoders for process `\hazard_detect.$proc$./../00_src/core_src/hazard_detect.sv:60$144'.
     1/1: $1\scalar_stall[0:0]
Creating decoders for process `\hazard_detect.$proc$./../00_src/core_src/hazard_detect.sv:42$127'.
     1/4: $2\rs2_forwarding_sel[1:0]
     2/4: $1\rs2_forwarding_sel[1:0]
     3/4: $2\rs1_forwarding_sel[1:0]
     4/4: $1\rs1_forwarding_sel[1:0]

11.8. Executing PROC_DLATCH pass (convert process syncs to latches).
No latch inferred for signal `\hazard_detect.\vector_stall' from process `\hazard_detect.$proc$./../00_src/core_src/hazard_detect.sv:90$168'.
No latch inferred for signal `\hazard_detect.\vrs1_forwarding_sel' from process `\hazard_detect.$proc$./../00_src/core_src/hazard_detect.sv:72$151'.
No latch inferred for signal `\hazard_detect.\vrs2_forwarding_sel' from process `\hazard_detect.$proc$./../00_src/core_src/hazard_detect.sv:72$151'.
No latch inferred for signal `\hazard_detect.\scalar_stall' from process `\hazard_detect.$proc$./../00_src/core_src/hazard_detect.sv:60$144'.
No latch inferred for signal `\hazard_detect.\rs1_forwarding_sel' from process `\hazard_detect.$proc$./../00_src/core_src/hazard_detect.sv:42$127'.
No latch inferred for signal `\hazard_detect.\rs2_forwarding_sel' from process `\hazard_detect.$proc$./../00_src/core_src/hazard_detect.sv:42$127'.

11.9. Executing PROC_DFF pass (convert process syncs to FFs).

11.10. Executing PROC_MEMWR pass (convert process memory writes to cells).

11.11. Executing PROC_CLEAN pass (remove empty switches from decision trees).
Found and cleaned up 1 empty switch in `\hazard_detect.$proc$./../00_src/core_src/hazard_detect.sv:90$168'.
Removing empty process `hazard_detect.$proc$./../00_src/core_src/hazard_detect.sv:90$168'.
Found and cleaned up 4 empty switches in `\hazard_detect.$proc$./../00_src/core_src/hazard_detect.sv:72$151'.
Removing empty process `hazard_detect.$proc$./../00_src/core_src/hazard_detect.sv:72$151'.
Found and cleaned up 1 empty switch in `\hazard_detect.$proc$./../00_src/core_src/hazard_detect.sv:60$144'.
Removing empty process `hazard_detect.$proc$./../00_src/core_src/hazard_detect.sv:60$144'.
Found and cleaned up 4 empty switches in `\hazard_detect.$proc$./../00_src/core_src/hazard_detect.sv:42$127'.
Removing empty process `hazard_detect.$proc$./../00_src/core_src/hazard_detect.sv:42$127'.
Cleaned up 10 empty switches.

11.12. Executing OPT_EXPR pass (perform const folding).
Optimizing module hazard_detect.
<suppressed ~10 debug messages>

12. Executing OPT pass (performing simple optimizations).

12.1. Executing OPT_EXPR pass (perform const folding).
Optimizing module hazard_detect.

12.2. Executing OPT_MERGE pass (detect identical cells).
Finding identical cells in module `\hazard_detect'.
Computing hashes of 58 cells of `\hazard_detect'.
Finding duplicate cells in `\hazard_detect'.
Computing hashes of 54 cells of `\hazard_detect'.
Finding duplicate cells in `\hazard_detect'.
Computing hashes of 50 cells of `\hazard_detect'.
Finding duplicate cells in `\hazard_detect'.
<suppressed ~24 debug messages>
Removed a total of 8 cells.

12.3. Executing OPT_MUXTREE pass (detect dead branches in mux trees).
Running muxtree optimizer on module \hazard_detect..
  Creating internal representation of mux trees.
  Evaluating internal representation of mux trees.
  Analyzing evaluation results.
    dead port 1/2 on $mux $procmux$383.
    dead port 1/2 on $mux $procmux$374.
    dead port 1/2 on $mux $procmux$395.
    dead port 1/2 on $mux $procmux$404.
Removed 4 multiplexer ports.
<suppressed ~20 debug messages>

12.4. Executing OPT_REDUCE pass (consolidate $*mux and $reduce_* inputs).
  Optimizing cells in module \hazard_detect.
Performed a total of 0 changes.

12.5. Executing OPT_MERGE pass (detect identical cells).
Finding identical cells in module `\hazard_detect'.
Computing hashes of 46 cells of `\hazard_detect'.
Finding duplicate cells in `\hazard_detect'.
Removed a total of 0 cells.

12.6. Executing OPT_DFF pass (perform DFF optimizations).

12.7. Executing OPT_CLEAN pass (remove unused cells and wires).
Finding unused cells or wires in module \hazard_detect..
Removed 0 unused cells and 48 unused wires.
<suppressed ~1 debug messages>

12.8. Executing OPT_EXPR pass (perform const folding).
Optimizing module hazard_detect.

12.9. Rerunning OPT passes. (Maybe there is more to do..)

12.10. Executing OPT_MUXTREE pass (detect dead branches in mux trees).
Running muxtree optimizer on module \hazard_detect..
  Creating internal representation of mux trees.
  Evaluating internal representation of mux trees.
  Analyzing evaluation results.
Removed 0 multiplexer ports.
<suppressed ~16 debug messages>

12.11. Executing OPT_REDUCE pass (consolidate $*mux and $reduce_* inputs).
  Optimizing cells in module \hazard_detect.
Performed a total of 0 changes.

12.12. Executing OPT_MERGE pass (detect identical cells).
Finding identical cells in module `\hazard_detect'.
Computing hashes of 46 cells of `\hazard_detect'.
Finding duplicate cells in `\hazard_detect'.
Removed a total of 0 cells.

12.13. Executing OPT_DFF pass (perform DFF optimizations).

12.14. Executing OPT_CLEAN pass (remove unused cells and wires).
Finding unused cells or wires in module \hazard_detect..

12.15. Executing OPT_EXPR pass (perform const folding).
Optimizing module hazard_detect.

12.16. Finished fast OPT passes. (There is nothing left to do.)

13. Executing FSM pass (extract and optimize FSM).

13.1. Executing FSM_DETECT pass (finding FSMs in design).

13.2. Executing FSM_EXTRACT pass (extracting FSM from design).

13.3. Executing FSM_OPT pass (simple optimizations of FSMs).

13.4. Executing OPT_CLEAN pass (remove unused cells and wires).
Finding unused cells or wires in module \hazard_detect..

13.5. Executing FSM_OPT pass (simple optimizations of FSMs).

13.6. Executing FSM_RECODE pass (re-assigning FSM state encoding).

13.7. Executing FSM_INFO pass (dumping all available information on FSM cells).

13.8. Executing FSM_MAP pass (mapping FSMs to basic logic).

14. Executing OPT pass (performing simple optimizations).

14.1. Executing OPT_EXPR pass (perform const folding).
Optimizing module hazard_detect.

14.2. Executing OPT_MERGE pass (detect identical cells).
Finding identical cells in module `\hazard_detect'.
Computing hashes of 46 cells of `\hazard_detect'.
Finding duplicate cells in `\hazard_detect'.
Removed a total of 0 cells.

14.3. Executing OPT_MUXTREE pass (detect dead branches in mux trees).
Running muxtree optimizer on module \hazard_detect..
  Creating internal representation of mux trees.
  Evaluating internal representation of mux trees.
  Analyzing evaluation results.
Removed 0 multiplexer ports.
<suppressed ~16 debug messages>

14.4. Executing OPT_REDUCE pass (consolidate $*mux and $reduce_* inputs).
  Optimizing cells in module \hazard_detect.
Performed a total of 0 changes.

14.5. Executing OPT_MERGE pass (detect identical cells).
Finding identical cells in module `\hazard_detect'.
Computing hashes of 46 cells of `\hazard_detect'.
Finding duplicate cells in `\hazard_detect'.
Removed a total of 0 cells.

14.6. Executing OPT_DFF pass (perform DFF optimizations).

14.7. Executing OPT_CLEAN pass (remove unused cells and wires).
Finding unused cells or wires in module \hazard_detect..

14.8. Executing OPT_EXPR pass (perform const folding).
Optimizing module hazard_detect.

14.9. Finished fast OPT passes. (There is nothing left to do.)

15. Executing MEMORY pass.

15.1. Executing OPT_MEM pass (optimize memories).
Performed a total of 0 transformations.

15.2. Executing OPT_MEM_PRIORITY pass (removing unnecessary memory write priority relations).
Performed a total of 0 transformations.

15.3. Executing OPT_MEM_FEEDBACK pass (finding memory read-to-write feedback paths).

15.4. Executing MEMORY_BMUX2ROM pass (converting muxes to ROMs).

15.5. Executing MEMORY_DFF pass (merging $dff cells to $memrd).

15.6. Executing OPT_CLEAN pass (remove unused cells and wires).
Finding unused cells or wires in module \hazard_detect..

15.7. Executing MEMORY_SHARE pass (consolidating $memrd/$memwr cells).

15.8. Executing OPT_MEM_WIDEN pass (optimize memories where all ports are wide).
Performed a total of 0 transformations.

15.9. Executing OPT_CLEAN pass (remove unused cells and wires).
Finding unused cells or wires in module \hazard_detect..

15.10. Executing MEMORY_COLLECT pass (generating $mem cells).

15.11. Executing MEMORY_MAP pass (converting memories to logic and flip-flops).

16. Executing OPT pass (performing simple optimizations).

16.1. Executing OPT_EXPR pass (perform const folding).
Optimizing module hazard_detect.

16.2. Executing OPT_MERGE pass (detect identical cells).
Finding identical cells in module `\hazard_detect'.
Computing hashes of 46 cells of `\hazard_detect'.
Finding duplicate cells in `\hazard_detect'.
Removed a total of 0 cells.

16.3. Executing OPT_MUXTREE pass (detect dead branches in mux trees).
Running muxtree optimizer on module \hazard_detect..
  Creating internal representation of mux trees.
  Evaluating internal representation of mux trees.
  Analyzing evaluation results.
Removed 0 multiplexer ports.
<suppressed ~16 debug messages>

16.4. Executing OPT_REDUCE pass (consolidate $*mux and $reduce_* inputs).
  Optimizing cells in module \hazard_detect.
Performed a total of 0 changes.

16.5. Executing OPT_MERGE pass (detect identical cells).
Finding identical cells in module `\hazard_detect'.
Computing hashes of 46 cells of `\hazard_detect'.
Finding duplicate cells in `\hazard_detect'.
Removed a total of 0 cells.

16.6. Executing OPT_DFF pass (perform DFF optimizations).

16.7. Executing OPT_CLEAN pass (remove unused cells and wires).
Finding unused cells or wires in module \hazard_detect..

16.8. Executing OPT_EXPR pass (perform const folding).
Optimizing module hazard_detect.

16.9. Finished fast OPT passes. (There is nothing left to do.)

17. Executing SYNTH pass.

17.1. Executing HIERARCHY pass (managing design hierarchy).

17.1.1. Analyzing design hierarchy..
Top module:  \hazard_detect

17.1.2. Analyzing design hierarchy..
Top module:  \hazard_detect
Removed 0 unused modules.

17.2. Executing PROC pass (convert processes to netlists).

17.2.1. Executing PROC_CLEAN pass (remove empty switches from decision trees).
Cleaned up 0 empty switches.

17.2.2. Executing PROC_RMDEAD pass (remove dead branches from decision trees).
Removed a total of 0 dead cases.

17.2.3. Executing PROC_PRUNE pass (remove redundant assignments in processes).
Removed 0 redundant assignments.
Promoted 0 assignments to connections.

17.2.4. Executing PROC_INIT pass (extract init attributes).

17.2.5. Executing PROC_ARST pass (detect async resets in processes).

17.2.6. Executing PROC_ROM pass (convert switches to ROMs).
Converted 0 switches.

17.2.7. Executing PROC_MUX pass (convert decision trees to multiplexers).

17.2.8. Executing PROC_DLATCH pass (convert process syncs to latches).

17.2.9. Executing PROC_DFF pass (convert process syncs to FFs).

17.2.10. Executing PROC_MEMWR pass (convert process memory writes to cells).

17.2.11. Executing PROC_CLEAN pass (remove empty switches from decision trees).
Cleaned up 0 empty switches.

17.2.12. Executing OPT_EXPR pass (perform const folding).
Optimizing module hazard_detect.

17.3. Executing OPT_EXPR pass (perform const folding).
Optimizing module hazard_detect.

17.4. Executing OPT_CLEAN pass (remove unused cells and wires).
Finding unused cells or wires in module \hazard_detect..

17.5. Executing CHECK pass (checking for obvious problems).
Checking module hazard_detect...
Found and reported 0 problems.

17.6. Executing OPT pass (performing simple optimizations).

17.6.1. Executing OPT_EXPR pass (perform const folding).
Optimizing module hazard_detect.

17.6.2. Executing OPT_MERGE pass (detect identical cells).
Finding identical cells in module `\hazard_detect'.
Computing hashes of 46 cells of `\hazard_detect'.
Finding duplicate cells in `\hazard_detect'.
Removed a total of 0 cells.

17.6.3. Executing OPT_MUXTREE pass (detect dead branches in mux trees).
Running muxtree optimizer on module \hazard_detect..
  Creating internal representation of mux trees.
  Evaluating internal representation of mux trees.
  Analyzing evaluation results.
Removed 0 multiplexer ports.
<suppressed ~16 debug messages>

17.6.4. Executing OPT_REDUCE pass (consolidate $*mux and $reduce_* inputs).
  Optimizing cells in module \hazard_detect.
Performed a total of 0 changes.

17.6.5. Executing OPT_MERGE pass (detect identical cells).
Finding identical cells in module `\hazard_detect'.
Computing hashes of 46 cells of `\hazard_detect'.
Finding duplicate cells in `\hazard_detect'.
Removed a total of 0 cells.

17.6.6. Executing OPT_DFF pass (perform DFF optimizations).

17.6.7. Executing OPT_CLEAN pass (remove unused cells and wires).
Finding unused cells or wires in module \hazard_detect..

17.6.8. Executing OPT_EXPR pass (perform const folding).
Optimizing module hazard_detect.

17.6.9. Finished fast OPT passes. (There is nothing left to do.)

17.7. Executing FSM pass (extract and optimize FSM).

17.7.1. Executing FSM_DETECT pass (finding FSMs in design).

17.7.2. Executing FSM_EXTRACT pass (extracting FSM from design).

17.7.3. Executing FSM_OPT pass (simple optimizations of FSMs).

17.7.4. Executing OPT_CLEAN pass (remove unused cells and wires).
Finding unused cells or wires in module \hazard_detect..

17.7.5. Executing FSM_OPT pass (simple optimizations of FSMs).

17.7.6. Executing FSM_RECODE pass (re-assigning FSM state encoding).

17.7.7. Executing FSM_INFO pass (dumping all available information on FSM cells).

17.7.8. Executing FSM_MAP pass (mapping FSMs to basic logic).

17.8. Executing OPT pass (performing simple optimizations).

17.8.1. Executing OPT_EXPR pass (perform const folding).
Optimizing module hazard_detect.

17.8.2. Executing OPT_MERGE pass (detect identical cells).
Finding identical cells in module `\hazard_detect'.
Computing hashes of 46 cells of `\hazard_detect'.
Finding duplicate cells in `\hazard_detect'.
Removed a total of 0 cells.

17.8.3. Executing OPT_MUXTREE pass (detect dead branches in mux trees).
Running muxtree optimizer on module \hazard_detect..
  Creating internal representation of mux trees.
  Evaluating internal representation of mux trees.
  Analyzing evaluation results.
Removed 0 multiplexer ports.
<suppressed ~16 debug messages>

17.8.4. Executing OPT_REDUCE pass (consolidate $*mux and $reduce_* inputs).
  Optimizing cells in module \hazard_detect.
Performed a total of 0 changes.

17.8.5. Executing OPT_MERGE pass (detect identical cells).
Finding identical cells in module `\hazard_detect'.
Computing hashes of 46 cells of `\hazard_detect'.
Finding duplicate cells in `\hazard_detect'.
Removed a total of 0 cells.

17.8.6. Executing OPT_DFF pass (perform DFF optimizations).

17.8.7. Executing OPT_CLEAN pass (remove unused cells and wires).
Finding unused cells or wires in module \hazard_detect..

17.8.8. Executing OPT_EXPR pass (perform const folding).
Optimizing module hazard_detect.

17.8.9. Finished fast OPT passes. (There is nothing left to do.)

17.9. Executing WREDUCE pass (reducing word size of cells).
Removed top 1 bits (of 2) from mux cell hazard_detect.$procmux$371 ($mux).
Removed top 1 bits (of 2) from mux cell hazard_detect.$procmux$380 ($mux).
Removed top 1 bits (of 2) from mux cell hazard_detect.$procmux$392 ($mux).
Removed top 1 bits (of 2) from mux cell hazard_detect.$procmux$401 ($mux).
Removed top 1 bits (of 2) from wire hazard_detect.$2\vrs2_forwarding_sel[1:0].
Removed top 1 bits (of 2) from wire hazard_detect.$2\rs2_forwarding_sel[1:0].
Removed top 1 bits (of 2) from wire hazard_detect.$2\rs1_forwarding_sel[1:0].
Removed top 1 bits (of 2) from wire hazard_detect.$2\vrs1_forwarding_sel[1:0].

17.10. Executing PEEPOPT pass (run peephole optimizers).

17.11. Executing OPT_CLEAN pass (remove unused cells and wires).
Finding unused cells or wires in module \hazard_detect..
Removed 0 unused cells and 4 unused wires.
<suppressed ~1 debug messages>

17.12. Executing ALUMACC pass (create $alu and $macc cells).
Extracting $alu and $macc cells in module hazard_detect:
  created 0 $alu and 0 $macc cells.

17.13. Executing SHARE pass (SAT-based resource sharing).

17.14. Executing OPT pass (performing simple optimizations).

17.14.1. Executing OPT_EXPR pass (perform const folding).
Optimizing module hazard_detect.

17.14.2. Executing OPT_MERGE pass (detect identical cells).
Finding identical cells in module `\hazard_detect'.
Computing hashes of 46 cells of `\hazard_detect'.
Finding duplicate cells in `\hazard_detect'.
Removed a total of 0 cells.

17.14.3. Executing OPT_MUXTREE pass (detect dead branches in mux trees).
Running muxtree optimizer on module \hazard_detect..
  Creating internal representation of mux trees.
  Evaluating internal representation of mux trees.
  Analyzing evaluation results.
Removed 0 multiplexer ports.
<suppressed ~16 debug messages>

17.14.4. Executing OPT_REDUCE pass (consolidate $*mux and $reduce_* inputs).
  Optimizing cells in module \hazard_detect.
Performed a total of 0 changes.

17.14.5. Executing OPT_MERGE pass (detect identical cells).
Finding identical cells in module `\hazard_detect'.
Computing hashes of 46 cells of `\hazard_detect'.
Finding duplicate cells in `\hazard_detect'.
Removed a total of 0 cells.

17.14.6. Executing OPT_DFF pass (perform DFF optimizations).

17.14.7. Executing OPT_CLEAN pass (remove unused cells and wires).
Finding unused cells or wires in module \hazard_detect..

17.14.8. Executing OPT_EXPR pass (perform const folding).
Optimizing module hazard_detect.

17.14.9. Finished fast OPT passes. (There is nothing left to do.)

17.15. Executing MEMORY pass.

17.15.1. Executing OPT_MEM pass (optimize memories).
Performed a total of 0 transformations.

17.15.2. Executing OPT_MEM_PRIORITY pass (removing unnecessary memory write priority relations).
Performed a total of 0 transformations.

17.15.3. Executing OPT_MEM_FEEDBACK pass (finding memory read-to-write feedback paths).

17.15.4. Executing MEMORY_BMUX2ROM pass (converting muxes to ROMs).

17.15.5. Executing MEMORY_DFF pass (merging $dff cells to $memrd).

17.15.6. Executing OPT_CLEAN pass (remove unused cells and wires).
Finding unused cells or wires in module \hazard_detect..

17.15.7. Executing MEMORY_SHARE pass (consolidating $memrd/$memwr cells).

17.15.8. Executing OPT_MEM_WIDEN pass (optimize memories where all ports are wide).
Performed a total of 0 transformations.

17.15.9. Executing OPT_CLEAN pass (remove unused cells and wires).
Finding unused cells or wires in module \hazard_detect..

17.15.10. Executing MEMORY_COLLECT pass (generating $mem cells).

17.16. Executing OPT_CLEAN pass (remove unused cells and wires).
Finding unused cells or wires in module \hazard_detect..

17.17. Executing OPT pass (performing simple optimizations).

17.17.1. Executing OPT_EXPR pass (perform const folding).
Optimizing module hazard_detect.
<suppressed ~6 debug messages>

17.17.2. Executing OPT_MERGE pass (detect identical cells).
Finding identical cells in module `\hazard_detect'.
Computing hashes of 40 cells of `\hazard_detect'.
Finding duplicate cells in `\hazard_detect'.
Removed a total of 0 cells.

17.17.3. Executing OPT_DFF pass (perform DFF optimizations).

17.17.4. Executing OPT_CLEAN pass (remove unused cells and wires).
Finding unused cells or wires in module \hazard_detect..
Removed 0 unused cells and 6 unused wires.
<suppressed ~1 debug messages>

17.17.5. Finished fast OPT passes.

17.18. Executing MEMORY_MAP pass (converting memories to logic and flip-flops).

17.19. Executing OPT pass (performing simple optimizations).

17.19.1. Executing OPT_EXPR pass (perform const folding).
Optimizing module hazard_detect.

17.19.2. Executing OPT_MERGE pass (detect identical cells).
Finding identical cells in module `\hazard_detect'.
Computing hashes of 40 cells of `\hazard_detect'.
Finding duplicate cells in `\hazard_detect'.
Removed a total of 0 cells.

17.19.3. Executing OPT_MUXTREE pass (detect dead branches in mux trees).
Running muxtree optimizer on module \hazard_detect..
  Creating internal representation of mux trees.
  Evaluating internal representation of mux trees.
  Analyzing evaluation results.
Removed 0 multiplexer ports.
<suppressed ~8 debug messages>

17.19.4. Executing OPT_REDUCE pass (consolidate $*mux and $reduce_* inputs).
  Optimizing cells in module \hazard_detect.
Performed a total of 0 changes.

17.19.5. Executing OPT_MERGE pass (detect identical cells).
Finding identical cells in module `\hazard_detect'.
Computing hashes of 40 cells of `\hazard_detect'.
Finding duplicate cells in `\hazard_detect'.
Removed a total of 0 cells.

17.19.6. Executing OPT_SHARE pass.

17.19.7. Executing OPT_DFF pass (perform DFF optimizations).

17.19.8. Executing OPT_CLEAN pass (remove unused cells and wires).
Finding unused cells or wires in module \hazard_detect..

17.19.9. Executing OPT_EXPR pass (perform const folding).
Optimizing module hazard_detect.

17.19.10. Finished fast OPT passes. (There is nothing left to do.)

17.20. Executing TECHMAP pass (map to technology primitives).

17.20.1. Executing Verilog-2005 frontend: /usr/local/bin/../share/yosys/techmap.v
Parsing Verilog input from `/usr/local/bin/../share/yosys/techmap.v' to AST representation.
Generating RTLIL representation for module `\_90_simplemap_bool_ops'.
Generating RTLIL representation for module `\_90_simplemap_reduce_ops'.
Generating RTLIL representation for module `\_90_simplemap_logic_ops'.
Generating RTLIL representation for module `\_90_simplemap_compare_ops'.
Generating RTLIL representation for module `\_90_simplemap_various'.
Generating RTLIL representation for module `\_90_simplemap_registers'.
Generating RTLIL representation for module `\_90_shift_ops_shr_shl_sshl_sshr'.
Generating RTLIL representation for module `\_90_shift_shiftx'.
Generating RTLIL representation for module `\_90_fa'.
Generating RTLIL representation for module `\_90_lcu_brent_kung'.
Generating RTLIL representation for module `\_90_alu'.
Generating RTLIL representation for module `\_90_macc'.
Generating RTLIL representation for module `\_90_alumacc'.
Generating RTLIL representation for module `$__div_mod_u'.
Generating RTLIL representation for module `$__div_mod_trunc'.
Generating RTLIL representation for module `\_90_div'.
Generating RTLIL representation for module `\_90_mod'.
Generating RTLIL representation for module `$__div_mod_floor'.
Generating RTLIL representation for module `\_90_divfloor'.
Generating RTLIL representation for module `\_90_modfloor'.
Generating RTLIL representation for module `\_90_pow'.
Generating RTLIL representation for module `\_90_demux'.
Generating RTLIL representation for module `\_90_lut'.
Generating RTLIL representation for module `$connect'.
Generating RTLIL representation for module `$input_port'.
Successfully finished Verilog frontend.

17.20.2. Continuing TECHMAP pass.
Using extmapper simplemap for cells of type $eq.
Using extmapper simplemap for cells of type $logic_and.
Using extmapper simplemap for cells of type $reduce_bool.
Using extmapper simplemap for cells of type $logic_or.
Using extmapper simplemap for cells of type $mux.
No more expansions possible.
<suppressed ~117 debug messages>

17.21. Executing OPT pass (performing simple optimizations).

17.21.1. Executing OPT_EXPR pass (perform const folding).
Optimizing module hazard_detect.
<suppressed ~4 debug messages>

17.21.2. Executing OPT_MERGE pass (detect identical cells).
Finding identical cells in module `\hazard_detect'.
Computing hashes of 166 cells of `\hazard_detect'.
Finding duplicate cells in `\hazard_detect'.
Removed a total of 0 cells.

17.21.3. Executing OPT_DFF pass (perform DFF optimizations).

17.21.4. Executing OPT_CLEAN pass (remove unused cells and wires).
Finding unused cells or wires in module \hazard_detect..
Removed 0 unused cells and 22 unused wires.
<suppressed ~1 debug messages>

17.21.5. Finished fast OPT passes.

17.22. Executing ABC pass (technology mapping using ABC).

17.22.1. Extracting gate netlist of module `\hazard_detect' to `<abc-temp-dir>/input.blif'..

17.22.1.1. Executed ABC.
Extracted 166 gates and 243 wires to a netlist network with 76 inputs and 10 outputs.
Running ABC script: <abc-temp-dir>/abc.script
ABC: UC Berkeley, ABC 1.01 (compiled May 27 2026 10:29:30)
ABC: abc 01> empty
ABC: abc 01> source <abc-temp-dir>/abc.script
ABC: + read_blif <abc-temp-dir>/input.blif 
ABC: + read_library <abc-temp-dir>/stdcells.genlib 
ABC: + strash 
ABC: + &get -n 
ABC: + &fraig -x 
ABC: + &put 
ABC: + scorr 
ABC: Warning: The network is combinational (run "fraig" or "fraig_sweep").
ABC: + dc2 
ABC: + dretime 
ABC: + strash 
ABC: + &get -n 
ABC: + &dch -f 
ABC: + &nf 
ABC: + &put 
ABC: + write_blif <abc-temp-dir>/output.blif 
ABC: 
ABC: YOSYS_ABC_DONE 

17.22.1.2. Re-integrating ABC results.
ABC RESULTS:               AND cells:       68
ABC RESULTS:            ANDNOT cells:        4
ABC RESULTS:              NAND cells:       12
ABC RESULTS:               NOR cells:       12
ABC RESULTS:                OR cells:        6
ABC RESULTS:             ORNOT cells:       16
ABC RESULTS:              XNOR cells:       52
ABC RESULTS:        internal signals:      157
ABC RESULTS:           input signals:       76
ABC RESULTS:          output signals:       10
Removing temp directory.
Removing global temp directory.

17.23. Executing OPT pass (performing simple optimizations).

17.23.1. Executing OPT_EXPR pass (perform const folding).
Optimizing module hazard_detect.

17.23.2. Executing OPT_MERGE pass (detect identical cells).
Finding identical cells in module `\hazard_detect'.
Computing hashes of 170 cells of `\hazard_detect'.
Finding duplicate cells in `\hazard_detect'.
Removed a total of 0 cells.

17.23.3. Executing OPT_DFF pass (perform DFF optimizations).

17.23.4. Executing OPT_CLEAN pass (remove unused cells and wires).
Finding unused cells or wires in module \hazard_detect..
Removed 0 unused cells and 176 unused wires.
<suppressed ~1 debug messages>

17.23.5. Finished fast OPT passes.

17.24. Executing HIERARCHY pass (managing design hierarchy).
Attribute `top' found on module `hazard_detect'. Setting top module to hazard_detect.

17.24.1. Analyzing design hierarchy..
Top module:  \hazard_detect

17.24.2. Analyzing design hierarchy..
Top module:  \hazard_detect
Removed 0 unused modules.

17.25. Printing statistics.

=== hazard_detect ===

        +----------Local Count, excluding submodules.
        | 
      186 wires
      246 wire bits
       26 public wires
       86 public wire bits
       26 ports
       86 port bits
      170 cells
        4   $_ANDNOT_
       68   $_AND_
       12   $_NAND_
       12   $_NOR_
       16   $_ORNOT_
        6   $_OR_
       52   $_XNOR_

17.26. Executing CHECK pass (checking for obvious problems).
Checking module hazard_detect...
Found and reported 0 problems.

18. Executing DFFLIBMAP pass (mapping DFF cells to sequential cells from liberty file).
  cell DFF_X1 (noninv, pins=4, area=4.52) is a direct match for cell type $_DFF_P_.
  cell DFFR_X1 (noninv, pins=5, area=5.32) is a direct match for cell type $_DFF_PN0_.
  cell DFFS_X1 (noninv, pins=5, area=5.32) is a direct match for cell type $_DFF_PN1_.
  cell DFFRS_X1 (noninv, pins=6, area=6.38) is a direct match for cell type $_DFFSR_PNN_.
  final dff cell mappings:
    unmapped dff cell: $_DFF_N_
    \DFF_X1 _DFF_P_ (.CK( C), .D( D), .Q( Q), .QN(~Q));
    unmapped dff cell: $_DFF_NN0_
    unmapped dff cell: $_DFF_NN1_
    unmapped dff cell: $_DFF_NP0_
    unmapped dff cell: $_DFF_NP1_
    \DFFR_X1 _DFF_PN0_ (.CK( C), .D( D), .Q( Q), .QN(~Q), .RN( R));
    \DFFS_X1 _DFF_PN1_ (.CK( C), .D( D), .Q( Q), .QN(~Q), .SN( R));
    unmapped dff cell: $_DFF_PP0_
    unmapped dff cell: $_DFF_PP1_
    unmapped dff cell: $_DFFE_NN_
    unmapped dff cell: $_DFFE_NP_
    unmapped dff cell: $_DFFE_PN_
    unmapped dff cell: $_DFFE_PP_
    unmapped dff cell: $_DFFSR_NNN_
    unmapped dff cell: $_DFFSR_NNP_
    unmapped dff cell: $_DFFSR_NPN_
    unmapped dff cell: $_DFFSR_NPP_
    \DFFRS_X1 _DFFSR_PNN_ (.CK( C), .D( D), .Q( Q), .QN(~Q), .RN( R), .SN( S));
    unmapped dff cell: $_DFFSR_PNP_
    unmapped dff cell: $_DFFSR_PPN_
    unmapped dff cell: $_DFFSR_PPP_

18.1. Executing DFFLEGALIZE pass (convert FFs to types supported by the target).
<suppressed ~8 debug messages>
Mapping DFF cells in module `\hazard_detect':

19. Executing ABC pass (technology mapping using ABC).

19.1. Extracting gate netlist of module `\hazard_detect' to `<abc-temp-dir>/input.blif'..
ABC: using cached merged SCL: /tmp/yosys-liberty-scl-cache/yosys_merged_c99f851a.scl (1 files)

19.1.1. Executed ABC.
Extracted 170 gates and 246 wires to a netlist network with 76 inputs and 10 outputs.
Running ABC script: <abc-temp-dir>/abc.script
ABC: UC Berkeley, ABC 1.01 (compiled May 27 2026 10:29:30)
ABC: abc 01> empty
ABC: abc 01> source <abc-temp-dir>/abc.script
ABC: + read_blif <abc-temp-dir>/input.blif 
ABC: + read_scl /tmp/yosys-liberty-scl-cache/yosys_merged_c99f851a.scl 
ABC: Warning: Detected 2 multi-output cells (for example, "FA_X1").
ABC: + strash 
ABC: + &get -n 
ABC: + &fraig -x 
ABC: + &put 
ABC: + scorr 
ABC: Warning: The network is combinational (run "fraig" or "fraig_sweep").
ABC: + dc2 
ABC: + dretime 
ABC: + strash 
ABC: + &get -n 
ABC: + &dch -f 
ABC: + &nf 
ABC: + &put 
ABC: + write_blif <abc-temp-dir>/output.blif 
ABC: 
ABC: YOSYS_ABC_DONE 

19.1.2. Re-integrating ABC results.
ABC RESULTS:         AOI221_X1 cells:       10
ABC RESULTS:            INV_X1 cells:       15
ABC RESULTS:          NAND3_X1 cells:       12
ABC RESULTS:           NOR3_X1 cells:        8
ABC RESULTS:           NOR4_X1 cells:        6
ABC RESULTS:          OAI21_X1 cells:        4
ABC RESULTS:            OR4_X1 cells:        4
ABC RESULTS:          XNOR2_X1 cells:       24
ABC RESULTS:           XOR2_X1 cells:       28
ABC RESULTS:        internal signals:      160
ABC RESULTS:           input signals:       76
ABC RESULTS:          output signals:       10
Removing temp directory.
Removing global temp directory.

20. Executing FLATTEN pass (flatten design).

21. Executing SPLITNETS pass (splitting up multi-bit signals).

22. Executing OPT_CLEAN pass (remove unused cells and wires).
Finding unused cells or wires in module \hazard_detect..
Removed 0 unused cells and 246 unused wires.
<suppressed ~1 debug messages>

23. Executing Verilog backend.

23.1. Executing BMUXMAP pass.

23.2. Executing DEMUXMAP pass.
Dumping module `\hazard_detect'.

Warnings: 6 unique messages, 6 total
End of script. Logfile hash: f665bb8247, time: 0.63s, user: 0.30s, system: 0.04s, MEM: 37.88 MB peak
Yosys 0.65+57 (git sha1 9d0cdb855, clang++ 14.0.0-1ubuntu1.1 -fPIC -O3)
Time spent: 48% 2x abc (0 sec), 17% 1x dfflibmap (0 sec), ...
